d:\of_v0.9.8_vs_release\addons\ofxdynamixel\example\example_ofxdynamixel\example_ofxdynamixel\obj\debug\stdafx.obj
d:\of_v0.9.8_vs_release\addons\ofxdynamixel\example\example_ofxdynamixel\example_ofxdynamixel\obj\debug\main.obj
d:\of_v0.9.8_vs_release\addons\ofxdynamixel\example\example_ofxdynamixel\example_ofxdynamixel\obj\debug\ofdynamixel.obj
d:\of_v0.9.8_vs_release\addons\ofxdynamixel\example\example_ofxdynamixel\example_ofxdynamixel\obj\debug\ofdynamixelservo.obj
d:\of_v0.9.8_vs_release\addons\ofxdynamixel\example\example_ofxdynamixel\example_ofxdynamixel\obj\debug\ofconnexion.obj
d:\of_v0.9.8_vs_release\addons\ofxdynamixel\example\example_ofxdynamixel\example_ofxdynamixel\obj\debug\ofapp.obj
d:\of_v0.9.8_vs_release\addons\ofxdynamixel\example\example_ofxdynamixel\example_ofxdynamixel\obj\debug\ofcontroltable.obj
d:\of_v0.9.8_vs_release\addons\ofxdynamixel\example\example_ofxdynamixel\example_ofxdynamixel\obj\debug\ofxui2dpad.obj
d:\of_v0.9.8_vs_release\addons\ofxdynamixel\example\example_ofxdynamixel\example_ofxdynamixel\obj\debug\ofxuidragablelabelbutton.obj
d:\of_v0.9.8_vs_release\addons\ofxdynamixel\example\example_ofxdynamixel\example_ofxdynamixel\obj\debug\ofxuidropdownlist.obj
d:\of_v0.9.8_vs_release\addons\ofxdynamixel\example\example_ofxdynamixel\example_ofxdynamixel\obj\debug\ofxuiimagesampler.obj
d:\of_v0.9.8_vs_release\addons\ofxdynamixel\example\example_ofxdynamixel\example_ofxdynamixel\obj\debug\ofxuilabelbutton.obj
d:\of_v0.9.8_vs_release\addons\ofxdynamixel\example\example_ofxdynamixel\example_ofxdynamixel\obj\debug\ofxuimultiimagebutton.obj
d:\of_v0.9.8_vs_release\addons\ofxdynamixel\example\example_ofxdynamixel\example_ofxdynamixel\obj\debug\ofxuirangeslider.obj
d:\of_v0.9.8_vs_release\addons\ofxdynamixel\example\example_ofxdynamixel\example_ofxdynamixel\obj\debug\ofxuislider.obj
d:\of_v0.9.8_vs_release\addons\ofxdynamixel\example\example_ofxdynamixel\example_ofxdynamixel\obj\debug\ofxuisupercanvas.obj
d:\of_v0.9.8_vs_release\addons\ofxdynamixel\example\example_ofxdynamixel\example_ofxdynamixel\obj\debug\ofxuitoggle.obj
d:\of_v0.9.8_vs_release\addons\ofxdynamixel\example\example_ofxdynamixel\example_ofxdynamixel\obj\debug\ofxuiwidget.obj
d:\of_v0.9.8_vs_release\addons\ofxdynamixel\example\example_ofxdynamixel\example_ofxdynamixel\obj\debug\ofxuibasedraws.obj
d:\of_v0.9.8_vs_release\addons\ofxdynamixel\example\example_ofxdynamixel\example_ofxdynamixel\obj\debug\ofxuicanvas.obj
d:\of_v0.9.8_vs_release\addons\ofxdynamixel\example\example_ofxdynamixel\example_ofxdynamixel\obj\debug\ofxuifpsslider.obj
d:\of_v0.9.8_vs_release\addons\ofxdynamixel\example\example_ofxdynamixel\example_ofxdynamixel\obj\debug\ofxuiimageslider.obj
d:\of_v0.9.8_vs_release\addons\ofxdynamixel\example\example_ofxdynamixel\example_ofxdynamixel\obj\debug\ofxuilabeltoggle.obj
d:\of_v0.9.8_vs_release\addons\ofxdynamixel\example\example_ofxdynamixel\example_ofxdynamixel\obj\debug\ofxuimultiimagetoggle.obj
d:\of_v0.9.8_vs_release\addons\ofxdynamixel\example\example_ofxdynamixel\example_ofxdynamixel\obj\debug\ofxuirectangle.obj
d:\of_v0.9.8_vs_release\addons\ofxdynamixel\example\example_ofxdynamixel\example_ofxdynamixel\obj\debug\ofxuisortablelist.obj
d:\of_v0.9.8_vs_release\addons\ofxdynamixel\example\example_ofxdynamixel\example_ofxdynamixel\obj\debug\ofxuitabbar.obj
d:\of_v0.9.8_vs_release\addons\ofxdynamixel\example\example_ofxdynamixel\example_ofxdynamixel\obj\debug\ofxuitogglematrix.obj
d:\of_v0.9.8_vs_release\addons\ofxdynamixel\example\example_ofxdynamixel\example_ofxdynamixel\obj\debug\ofxuiwidgetwithlabel.obj
d:\of_v0.9.8_vs_release\addons\ofxdynamixel\example\example_ofxdynamixel\example_ofxdynamixel\obj\debug\ofxui2dgraph.obj
d:\of_v0.9.8_vs_release\addons\ofxdynamixel\example\example_ofxdynamixel\example_ofxdynamixel\obj\debug\ofxuibutton.obj
d:\of_v0.9.8_vs_release\addons\ofxdynamixel\example\example_ofxdynamixel\example_ofxdynamixel\obj\debug\ofxuieventargs.obj
d:\of_v0.9.8_vs_release\addons\ofxdynamixel\example\example_ofxdynamixel\example_ofxdynamixel\obj\debug\ofxuiimage.obj
d:\of_v0.9.8_vs_release\addons\ofxdynamixel\example\example_ofxdynamixel\example_ofxdynamixel\obj\debug\ofxuilabel.obj
d:\of_v0.9.8_vs_release\addons\ofxdynamixel\example\example_ofxdynamixel\example_ofxdynamixel\obj\debug\ofxuiminimalslider.obj
d:\of_v0.9.8_vs_release\addons\ofxdynamixel\example\example_ofxdynamixel\example_ofxdynamixel\obj\debug\ofxuiradio.obj
d:\of_v0.9.8_vs_release\addons\ofxdynamixel\example\example_ofxdynamixel\example_ofxdynamixel\obj\debug\ofxuiscrollablecanvas.obj
d:\of_v0.9.8_vs_release\addons\ofxdynamixel\example\example_ofxdynamixel\example_ofxdynamixel\obj\debug\ofxuispacer.obj
d:\of_v0.9.8_vs_release\addons\ofxdynamixel\example\example_ofxdynamixel\example_ofxdynamixel\obj\debug\ofxuitextinput.obj
d:\of_v0.9.8_vs_release\addons\ofxdynamixel\example\example_ofxdynamixel\example_ofxdynamixel\obj\debug\ofxuivalueplotter.obj
d:\of_v0.9.8_vs_release\addons\ofxdynamixel\example\example_ofxdynamixel\example_ofxdynamixel\obj\debug\tinyxmlerror.obj
d:\of_v0.9.8_vs_release\addons\ofxdynamixel\example\example_ofxdynamixel\example_ofxdynamixel\obj\debug\tinyxmlparser.obj
d:\of_v0.9.8_vs_release\addons\ofxdynamixel\example\example_ofxdynamixel\example_ofxdynamixel\obj\debug\ofxuibilabelslider.obj
d:\of_v0.9.8_vs_release\addons\ofxdynamixel\example\example_ofxdynamixel\example_ofxdynamixel\obj\debug\ofxuicircleslider.obj
d:\of_v0.9.8_vs_release\addons\ofxdynamixel\example\example_ofxdynamixel\example_ofxdynamixel\obj\debug\ofxuifps.obj
d:\of_v0.9.8_vs_release\addons\ofxdynamixel\example\example_ofxdynamixel\example_ofxdynamixel\obj\debug\ofxuiimagebutton.obj
d:\of_v0.9.8_vs_release\addons\ofxdynamixel\example\example_ofxdynamixel\example_ofxdynamixel\obj\debug\ofxuiimagetoggle.obj
d:\of_v0.9.8_vs_release\addons\ofxdynamixel\example\example_ofxdynamixel\example_ofxdynamixel\obj\debug\ofxuimovinggraph.obj
d:\of_v0.9.8_vs_release\addons\ofxdynamixel\example\example_ofxdynamixel\example_ofxdynamixel\obj\debug\ofxuinumberdialer.obj
d:\of_v0.9.8_vs_release\addons\ofxdynamixel\example\example_ofxdynamixel\example_ofxdynamixel\obj\debug\ofxuirotaryslider.obj
d:\of_v0.9.8_vs_release\addons\ofxdynamixel\example\example_ofxdynamixel\example_ofxdynamixel\obj\debug\ofxuispectrum.obj
d:\of_v0.9.8_vs_release\addons\ofxdynamixel\example\example_ofxdynamixel\example_ofxdynamixel\obj\debug\ofxuitextarea.obj
d:\of_v0.9.8_vs_release\addons\ofxdynamixel\example\example_ofxdynamixel\example_ofxdynamixel\obj\debug\ofxuiwaveform.obj
d:\of_v0.9.8_vs_release\addons\ofxdynamixel\example\example_ofxdynamixel\example_ofxdynamixel\obj\debug\tinyxml.obj
d:\of_v0.9.8_vs_release\addons\ofxdynamixel\example\example_ofxdynamixel\example_ofxdynamixel\obj\debug\ofxxmlsettings.obj
d:\of_v0.9.8_vs_release\addons\ofxdynamixel\example\example_ofxdynamixel\example_ofxdynamixel\obj\debug\vc140.pdb
d:\of_v0.9.8_vs_release\addons\ofxdynamixel\example\example_ofxdynamixel\example_ofxdynamixel\bin\example_ofxdynamixel_debug.lib
d:\of_v0.9.8_vs_release\addons\ofxdynamixel\example\example_ofxdynamixel\example_ofxdynamixel\bin\example_ofxdynamixel_debug.exp
d:\of_v0.9.8_vs_release\addons\ofxdynamixel\example\example_ofxdynamixel\example_ofxdynamixel\bin\example_ofxdynamixel_debug.ilk
d:\of_v0.9.8_vs_release\addons\ofxdynamixel\example\example_ofxdynamixel\example_ofxdynamixel\bin\example_ofxdynamixel_debug.exe
d:\of_v0.9.8_vs_release\addons\ofxdynamixel\example\example_ofxdynamixel\example_ofxdynamixel\bin\example_ofxdynamixel_debug.pdb
d:\of_v0.9.8_vs_release\addons\ofxdynamixel\example\example_ofxdynamixel\example_ofxdynamixel\obj\debug\icon.res
d:\of_v0.9.8_vs_release\addons\ofxdynamixel\example\example_ofxdynamixel\example_ofxdynamixel\obj\debug\example_ofxdynamixel.vcxprojresolveassemblyreference.cache
d:\of_v0.9.8_vs_release\addons\ofxdynamixel\example\example_ofxdynamixel\example_ofxdynamixel\obj\debug\example_.7fd42df7.tlog\cl.command.1.tlog
d:\of_v0.9.8_vs_release\addons\ofxdynamixel\example\example_ofxdynamixel\example_ofxdynamixel\obj\debug\example_.7fd42df7.tlog\cl.read.1.tlog
d:\of_v0.9.8_vs_release\addons\ofxdynamixel\example\example_ofxdynamixel\example_ofxdynamixel\obj\debug\example_.7fd42df7.tlog\cl.write.1.tlog
d:\of_v0.9.8_vs_release\addons\ofxdynamixel\example\example_ofxdynamixel\example_ofxdynamixel\obj\debug\example_.7fd42df7.tlog\example_ofxdynamixel.write.1u.tlog
d:\of_v0.9.8_vs_release\addons\ofxdynamixel\example\example_ofxdynamixel\example_ofxdynamixel\obj\debug\example_.7fd42df7.tlog\link.command.1.tlog
d:\of_v0.9.8_vs_release\addons\ofxdynamixel\example\example_ofxdynamixel\example_ofxdynamixel\obj\debug\example_.7fd42df7.tlog\link.read.1.tlog
d:\of_v0.9.8_vs_release\addons\ofxdynamixel\example\example_ofxdynamixel\example_ofxdynamixel\obj\debug\example_.7fd42df7.tlog\link.write.1.tlog
d:\of_v0.9.8_vs_release\addons\ofxdynamixel\example\example_ofxdynamixel\example_ofxdynamixel\obj\debug\example_.7fd42df7.tlog\rc.command.1.tlog
d:\of_v0.9.8_vs_release\addons\ofxdynamixel\example\example_ofxdynamixel\example_ofxdynamixel\obj\debug\example_.7fd42df7.tlog\rc.read.1.tlog
d:\of_v0.9.8_vs_release\addons\ofxdynamixel\example\example_ofxdynamixel\example_ofxdynamixel\obj\debug\example_.7fd42df7.tlog\rc.write.1.tlog
